[05-Jan-2025 21:30:05 Europe/Berlin] PHP Notice:  Trying to access array offset on value of type bool in C:\xampp\htdocs\tokoonwebid\app\views\partials\pesanan\customedit.php on line 26
[05-Jan-2025 21:30:05 Europe/Berlin] PHP Notice:  Trying to access array offset on value of type bool in C:\xampp\htdocs\tokoonwebid\app\views\partials\pesanan\customedit.php on line 27
[05-Jan-2025 21:30:05 Europe/Berlin] PHP Notice:  Trying to access array offset on value of type bool in C:\xampp\htdocs\tokoonwebid\app\views\partials\pesanan\customedit.php on line 35
[05-Jan-2025 21:30:05 Europe/Berlin] PHP Notice:  Trying to access array offset on value of type bool in C:\xampp\htdocs\tokoonwebid\app\views\partials\pesanan\customedit.php on line 47
[05-Jan-2025 21:30:05 Europe/Berlin] PHP Notice:  Trying to access array offset on value of type bool in C:\xampp\htdocs\tokoonwebid\app\views\partials\pesanan\customedit.php on line 59
[05-Jan-2025 21:30:05 Europe/Berlin] PHP Notice:  Trying to access array offset on value of type bool in C:\xampp\htdocs\tokoonwebid\app\views\partials\pesanan\customedit.php on line 74
[05-Jan-2025 21:30:05 Europe/Berlin] PHP Notice:  Trying to access array offset on value of type bool in C:\xampp\htdocs\tokoonwebid\app\views\partials\pesanan\customedit.php on line 101
[05-Jan-2025 21:30:05 Europe/Berlin] PHP Notice:  Trying to access array offset on value of type bool in C:\xampp\htdocs\tokoonwebid\app\views\partials\pesanan\customedit.php on line 117
[05-Jan-2025 21:30:05 Europe/Berlin] PHP Notice:  Trying to access array offset on value of type bool in C:\xampp\htdocs\tokoonwebid\app\views\partials\pesanan\customedit.php on line 143
[05-Jan-2025 21:30:05 Europe/Berlin] PHP Notice:  Trying to access array offset on value of type bool in C:\xampp\htdocs\tokoonwebid\app\views\partials\pesanan\customedit.php on line 155
[05-Jan-2025 21:30:05 Europe/Berlin] PHP Notice:  Trying to access array offset on value of type bool in C:\xampp\htdocs\tokoonwebid\app\views\partials\pesanan\customedit.php on line 167
[05-Jan-2025 21:30:09 Europe/Berlin] PHP Notice:  Trying to access array offset on value of type bool in C:\xampp\htdocs\tokoonwebid\app\views\partials\pesanan\customedit.php on line 26
[05-Jan-2025 21:30:09 Europe/Berlin] PHP Notice:  Trying to access array offset on value of type bool in C:\xampp\htdocs\tokoonwebid\app\views\partials\pesanan\customedit.php on line 27
[05-Jan-2025 21:30:09 Europe/Berlin] PHP Notice:  Trying to access array offset on value of type bool in C:\xampp\htdocs\tokoonwebid\app\views\partials\pesanan\customedit.php on line 35
[05-Jan-2025 21:30:09 Europe/Berlin] PHP Notice:  Trying to access array offset on value of type bool in C:\xampp\htdocs\tokoonwebid\app\views\partials\pesanan\customedit.php on line 47
[05-Jan-2025 21:30:09 Europe/Berlin] PHP Notice:  Trying to access array offset on value of type bool in C:\xampp\htdocs\tokoonwebid\app\views\partials\pesanan\customedit.php on line 59
[05-Jan-2025 21:30:09 Europe/Berlin] PHP Notice:  Trying to access array offset on value of type bool in C:\xampp\htdocs\tokoonwebid\app\views\partials\pesanan\customedit.php on line 74
[05-Jan-2025 21:30:09 Europe/Berlin] PHP Notice:  Trying to access array offset on value of type bool in C:\xampp\htdocs\tokoonwebid\app\views\partials\pesanan\customedit.php on line 101
[05-Jan-2025 21:30:09 Europe/Berlin] PHP Notice:  Trying to access array offset on value of type bool in C:\xampp\htdocs\tokoonwebid\app\views\partials\pesanan\customedit.php on line 117
[05-Jan-2025 21:30:09 Europe/Berlin] PHP Notice:  Trying to access array offset on value of type bool in C:\xampp\htdocs\tokoonwebid\app\views\partials\pesanan\customedit.php on line 143
[05-Jan-2025 21:30:09 Europe/Berlin] PHP Notice:  Trying to access array offset on value of type bool in C:\xampp\htdocs\tokoonwebid\app\views\partials\pesanan\customedit.php on line 155
[05-Jan-2025 21:30:09 Europe/Berlin] PHP Notice:  Trying to access array offset on value of type bool in C:\xampp\htdocs\tokoonwebid\app\views\partials\pesanan\customedit.php on line 167
[06-Jan-2025 04:48:11 Europe/Berlin] PHP Notice:  Trying to access array offset on value of type bool in C:\xampp\htdocs\tokoonwebid\app\views\partials\layanansc\edit.php on line 45
[06-Jan-2025 04:48:11 Europe/Berlin] PHP Notice:  Trying to access array offset on value of type bool in C:\xampp\htdocs\tokoonwebid\app\views\partials\layanansc\edit.php on line 50
[06-Jan-2025 04:48:11 Europe/Berlin] PHP Notice:  Trying to access array offset on value of type bool in C:\xampp\htdocs\tokoonwebid\app\views\partials\layanansc\edit.php on line 61
[06-Jan-2025 04:48:11 Europe/Berlin] PHP Notice:  Trying to access array offset on value of type bool in C:\xampp\htdocs\tokoonwebid\app\views\partials\layanansc\edit.php on line 73
[06-Jan-2025 04:48:11 Europe/Berlin] PHP Notice:  Trying to access array offset on value of type bool in C:\xampp\htdocs\tokoonwebid\app\views\partials\layanansc\edit.php on line 85
[06-Jan-2025 04:48:11 Europe/Berlin] PHP Notice:  Trying to access array offset on value of type bool in C:\xampp\htdocs\tokoonwebid\app\views\partials\layanansc\edit.php on line 97
[06-Jan-2025 04:48:12 Europe/Berlin] PHP Notice:  Trying to access array offset on value of type bool in C:\xampp\htdocs\tokoonwebid\app\views\partials\layanansc\edit.php on line 45
[06-Jan-2025 04:48:12 Europe/Berlin] PHP Notice:  Trying to access array offset on value of type bool in C:\xampp\htdocs\tokoonwebid\app\views\partials\layanansc\edit.php on line 50
[06-Jan-2025 04:48:12 Europe/Berlin] PHP Notice:  Trying to access array offset on value of type bool in C:\xampp\htdocs\tokoonwebid\app\views\partials\layanansc\edit.php on line 61
[06-Jan-2025 04:48:12 Europe/Berlin] PHP Notice:  Trying to access array offset on value of type bool in C:\xampp\htdocs\tokoonwebid\app\views\partials\layanansc\edit.php on line 73
[06-Jan-2025 04:48:12 Europe/Berlin] PHP Notice:  Trying to access array offset on value of type bool in C:\xampp\htdocs\tokoonwebid\app\views\partials\layanansc\edit.php on line 85
[06-Jan-2025 04:48:12 Europe/Berlin] PHP Notice:  Trying to access array offset on value of type bool in C:\xampp\htdocs\tokoonwebid\app\views\partials\layanansc\edit.php on line 97
[06-Jan-2025 04:48:12 Europe/Berlin] PHP Notice:  Trying to access array offset on value of type bool in C:\xampp\htdocs\tokoonwebid\app\views\partials\layanansc\edit.php on line 45
[06-Jan-2025 04:48:12 Europe/Berlin] PHP Notice:  Trying to access array offset on value of type bool in C:\xampp\htdocs\tokoonwebid\app\views\partials\layanansc\edit.php on line 50
[06-Jan-2025 04:48:12 Europe/Berlin] PHP Notice:  Trying to access array offset on value of type bool in C:\xampp\htdocs\tokoonwebid\app\views\partials\layanansc\edit.php on line 61
[06-Jan-2025 04:48:12 Europe/Berlin] PHP Notice:  Trying to access array offset on value of type bool in C:\xampp\htdocs\tokoonwebid\app\views\partials\layanansc\edit.php on line 73
[06-Jan-2025 04:48:12 Europe/Berlin] PHP Notice:  Trying to access array offset on value of type bool in C:\xampp\htdocs\tokoonwebid\app\views\partials\layanansc\edit.php on line 85
[06-Jan-2025 04:48:12 Europe/Berlin] PHP Notice:  Trying to access array offset on value of type bool in C:\xampp\htdocs\tokoonwebid\app\views\partials\layanansc\edit.php on line 97
[06-Jan-2025 04:48:27 Europe/Berlin] PHP Notice:  Trying to access array offset on value of type bool in C:\xampp\htdocs\tokoonwebid\app\views\partials\layanansc\edit.php on line 45
[06-Jan-2025 04:48:27 Europe/Berlin] PHP Notice:  Trying to access array offset on value of type bool in C:\xampp\htdocs\tokoonwebid\app\views\partials\layanansc\edit.php on line 50
[06-Jan-2025 04:48:27 Europe/Berlin] PHP Notice:  Trying to access array offset on value of type bool in C:\xampp\htdocs\tokoonwebid\app\views\partials\layanansc\edit.php on line 61
[06-Jan-2025 04:48:27 Europe/Berlin] PHP Notice:  Trying to access array offset on value of type bool in C:\xampp\htdocs\tokoonwebid\app\views\partials\layanansc\edit.php on line 73
[06-Jan-2025 04:48:27 Europe/Berlin] PHP Notice:  Trying to access array offset on value of type bool in C:\xampp\htdocs\tokoonwebid\app\views\partials\layanansc\edit.php on line 85
[06-Jan-2025 04:48:27 Europe/Berlin] PHP Notice:  Trying to access array offset on value of type bool in C:\xampp\htdocs\tokoonwebid\app\views\partials\layanansc\edit.php on line 97
[06-Jan-2025 05:00:58 Europe/Berlin] PHP Notice:  Trying to access array offset on value of type bool in C:\xampp\htdocs\tokoonwebid\app\views\partials\layanansc\edit.php on line 34
[06-Jan-2025 05:00:58 Europe/Berlin] PHP Notice:  Trying to access array offset on value of type bool in C:\xampp\htdocs\tokoonwebid\app\views\partials\layanansc\edit.php on line 39
[06-Jan-2025 05:00:58 Europe/Berlin] PHP Notice:  Trying to access array offset on value of type bool in C:\xampp\htdocs\tokoonwebid\app\views\partials\layanansc\edit.php on line 50
[06-Jan-2025 05:00:58 Europe/Berlin] PHP Notice:  Trying to access array offset on value of type bool in C:\xampp\htdocs\tokoonwebid\app\views\partials\layanansc\edit.php on line 62
[06-Jan-2025 05:00:58 Europe/Berlin] PHP Notice:  Trying to access array offset on value of type bool in C:\xampp\htdocs\tokoonwebid\app\views\partials\layanansc\edit.php on line 74
[06-Jan-2025 05:00:58 Europe/Berlin] PHP Notice:  Trying to access array offset on value of type bool in C:\xampp\htdocs\tokoonwebid\app\views\partials\layanansc\edit.php on line 86
[06-Jan-2025 05:00:59 Europe/Berlin] PHP Notice:  Trying to access array offset on value of type bool in C:\xampp\htdocs\tokoonwebid\app\views\partials\layanansc\edit.php on line 34
[06-Jan-2025 05:00:59 Europe/Berlin] PHP Notice:  Trying to access array offset on value of type bool in C:\xampp\htdocs\tokoonwebid\app\views\partials\layanansc\edit.php on line 39
[06-Jan-2025 05:00:59 Europe/Berlin] PHP Notice:  Trying to access array offset on value of type bool in C:\xampp\htdocs\tokoonwebid\app\views\partials\layanansc\edit.php on line 50
[06-Jan-2025 05:00:59 Europe/Berlin] PHP Notice:  Trying to access array offset on value of type bool in C:\xampp\htdocs\tokoonwebid\app\views\partials\layanansc\edit.php on line 62
[06-Jan-2025 05:00:59 Europe/Berlin] PHP Notice:  Trying to access array offset on value of type bool in C:\xampp\htdocs\tokoonwebid\app\views\partials\layanansc\edit.php on line 74
[06-Jan-2025 05:00:59 Europe/Berlin] PHP Notice:  Trying to access array offset on value of type bool in C:\xampp\htdocs\tokoonwebid\app\views\partials\layanansc\edit.php on line 86
[06-Jan-2025 05:01:00 Europe/Berlin] PHP Notice:  Trying to access array offset on value of type bool in C:\xampp\htdocs\tokoonwebid\app\views\partials\layanansc\edit.php on line 34
[06-Jan-2025 05:01:00 Europe/Berlin] PHP Notice:  Trying to access array offset on value of type bool in C:\xampp\htdocs\tokoonwebid\app\views\partials\layanansc\edit.php on line 39
[06-Jan-2025 05:01:00 Europe/Berlin] PHP Notice:  Trying to access array offset on value of type bool in C:\xampp\htdocs\tokoonwebid\app\views\partials\layanansc\edit.php on line 50
[06-Jan-2025 05:01:00 Europe/Berlin] PHP Notice:  Trying to access array offset on value of type bool in C:\xampp\htdocs\tokoonwebid\app\views\partials\layanansc\edit.php on line 62
[06-Jan-2025 05:01:00 Europe/Berlin] PHP Notice:  Trying to access array offset on value of type bool in C:\xampp\htdocs\tokoonwebid\app\views\partials\layanansc\edit.php on line 74
[06-Jan-2025 05:01:00 Europe/Berlin] PHP Notice:  Trying to access array offset on value of type bool in C:\xampp\htdocs\tokoonwebid\app\views\partials\layanansc\edit.php on line 86
[06-Jan-2025 05:01:25 Europe/Berlin] PHP Notice:  Trying to access array offset on value of type bool in C:\xampp\htdocs\tokoonwebid\app\views\partials\layanansc\edit.php on line 34
[06-Jan-2025 05:01:25 Europe/Berlin] PHP Notice:  Trying to access array offset on value of type bool in C:\xampp\htdocs\tokoonwebid\app\views\partials\layanansc\edit.php on line 39
[06-Jan-2025 05:01:25 Europe/Berlin] PHP Notice:  Trying to access array offset on value of type bool in C:\xampp\htdocs\tokoonwebid\app\views\partials\layanansc\edit.php on line 50
[06-Jan-2025 05:01:25 Europe/Berlin] PHP Notice:  Trying to access array offset on value of type bool in C:\xampp\htdocs\tokoonwebid\app\views\partials\layanansc\edit.php on line 62
[06-Jan-2025 05:01:25 Europe/Berlin] PHP Notice:  Trying to access array offset on value of type bool in C:\xampp\htdocs\tokoonwebid\app\views\partials\layanansc\edit.php on line 74
[06-Jan-2025 05:01:25 Europe/Berlin] PHP Notice:  Trying to access array offset on value of type bool in C:\xampp\htdocs\tokoonwebid\app\views\partials\layanansc\edit.php on line 86
[06-Jan-2025 15:33:28 Europe/Berlin] PHP Notice:  Trying to access array offset on value of type bool in C:\xampp\htdocs\tokoonwebid\app\views\partials\pesanan\customedit.php on line 26
[06-Jan-2025 15:33:28 Europe/Berlin] PHP Notice:  Trying to access array offset on value of type bool in C:\xampp\htdocs\tokoonwebid\app\views\partials\pesanan\customedit.php on line 27
[06-Jan-2025 15:33:28 Europe/Berlin] PHP Notice:  Trying to access array offset on value of type bool in C:\xampp\htdocs\tokoonwebid\app\views\partials\pesanan\customedit.php on line 35
[06-Jan-2025 15:33:28 Europe/Berlin] PHP Notice:  Trying to access array offset on value of type bool in C:\xampp\htdocs\tokoonwebid\app\views\partials\pesanan\customedit.php on line 47
[06-Jan-2025 15:33:28 Europe/Berlin] PHP Notice:  Trying to access array offset on value of type bool in C:\xampp\htdocs\tokoonwebid\app\views\partials\pesanan\customedit.php on line 59
[06-Jan-2025 15:33:28 Europe/Berlin] PHP Notice:  Trying to access array offset on value of type bool in C:\xampp\htdocs\tokoonwebid\app\views\partials\pesanan\customedit.php on line 74
[06-Jan-2025 15:33:28 Europe/Berlin] PHP Notice:  Trying to access array offset on value of type bool in C:\xampp\htdocs\tokoonwebid\app\views\partials\pesanan\customedit.php on line 101
[06-Jan-2025 15:33:28 Europe/Berlin] PHP Notice:  Trying to access array offset on value of type bool in C:\xampp\htdocs\tokoonwebid\app\views\partials\pesanan\customedit.php on line 117
[06-Jan-2025 15:33:28 Europe/Berlin] PHP Notice:  Trying to access array offset on value of type bool in C:\xampp\htdocs\tokoonwebid\app\views\partials\pesanan\customedit.php on line 143
[06-Jan-2025 15:33:28 Europe/Berlin] PHP Notice:  Trying to access array offset on value of type bool in C:\xampp\htdocs\tokoonwebid\app\views\partials\pesanan\customedit.php on line 155
[06-Jan-2025 15:33:28 Europe/Berlin] PHP Notice:  Trying to access array offset on value of type bool in C:\xampp\htdocs\tokoonwebid\app\views\partials\pesanan\customedit.php on line 167
[06-Jan-2025 15:33:30 Europe/Berlin] PHP Notice:  Trying to access array offset on value of type bool in C:\xampp\htdocs\tokoonwebid\app\views\partials\pesanan\customedit.php on line 26
[06-Jan-2025 15:33:30 Europe/Berlin] PHP Notice:  Trying to access array offset on value of type bool in C:\xampp\htdocs\tokoonwebid\app\views\partials\pesanan\customedit.php on line 27
[06-Jan-2025 15:33:30 Europe/Berlin] PHP Notice:  Trying to access array offset on value of type bool in C:\xampp\htdocs\tokoonwebid\app\views\partials\pesanan\customedit.php on line 35
[06-Jan-2025 15:33:30 Europe/Berlin] PHP Notice:  Trying to access array offset on value of type bool in C:\xampp\htdocs\tokoonwebid\app\views\partials\pesanan\customedit.php on line 47
[06-Jan-2025 15:33:30 Europe/Berlin] PHP Notice:  Trying to access array offset on value of type bool in C:\xampp\htdocs\tokoonwebid\app\views\partials\pesanan\customedit.php on line 59
[06-Jan-2025 15:33:30 Europe/Berlin] PHP Notice:  Trying to access array offset on value of type bool in C:\xampp\htdocs\tokoonwebid\app\views\partials\pesanan\customedit.php on line 74
[06-Jan-2025 15:33:30 Europe/Berlin] PHP Notice:  Trying to access array offset on value of type bool in C:\xampp\htdocs\tokoonwebid\app\views\partials\pesanan\customedit.php on line 101
[06-Jan-2025 15:33:30 Europe/Berlin] PHP Notice:  Trying to access array offset on value of type bool in C:\xampp\htdocs\tokoonwebid\app\views\partials\pesanan\customedit.php on line 117
[06-Jan-2025 15:33:30 Europe/Berlin] PHP Notice:  Trying to access array offset on value of type bool in C:\xampp\htdocs\tokoonwebid\app\views\partials\pesanan\customedit.php on line 143
[06-Jan-2025 15:33:30 Europe/Berlin] PHP Notice:  Trying to access array offset on value of type bool in C:\xampp\htdocs\tokoonwebid\app\views\partials\pesanan\customedit.php on line 155
[06-Jan-2025 15:33:30 Europe/Berlin] PHP Notice:  Trying to access array offset on value of type bool in C:\xampp\htdocs\tokoonwebid\app\views\partials\pesanan\customedit.php on line 167
[06-Jan-2025 15:33:36 Europe/Berlin] PHP Notice:  Trying to access array offset on value of type bool in C:\xampp\htdocs\tokoonwebid\app\views\partials\pesanan\customedit.php on line 26
[06-Jan-2025 15:33:36 Europe/Berlin] PHP Notice:  Trying to access array offset on value of type bool in C:\xampp\htdocs\tokoonwebid\app\views\partials\pesanan\customedit.php on line 27
[06-Jan-2025 15:33:36 Europe/Berlin] PHP Notice:  Trying to access array offset on value of type bool in C:\xampp\htdocs\tokoonwebid\app\views\partials\pesanan\customedit.php on line 35
[06-Jan-2025 15:33:36 Europe/Berlin] PHP Notice:  Trying to access array offset on value of type bool in C:\xampp\htdocs\tokoonwebid\app\views\partials\pesanan\customedit.php on line 47
[06-Jan-2025 15:33:36 Europe/Berlin] PHP Notice:  Trying to access array offset on value of type bool in C:\xampp\htdocs\tokoonwebid\app\views\partials\pesanan\customedit.php on line 59
[06-Jan-2025 15:33:36 Europe/Berlin] PHP Notice:  Trying to access array offset on value of type bool in C:\xampp\htdocs\tokoonwebid\app\views\partials\pesanan\customedit.php on line 74
[06-Jan-2025 15:33:36 Europe/Berlin] PHP Notice:  Trying to access array offset on value of type bool in C:\xampp\htdocs\tokoonwebid\app\views\partials\pesanan\customedit.php on line 101
[06-Jan-2025 15:33:36 Europe/Berlin] PHP Notice:  Trying to access array offset on value of type bool in C:\xampp\htdocs\tokoonwebid\app\views\partials\pesanan\customedit.php on line 117
[06-Jan-2025 15:33:36 Europe/Berlin] PHP Notice:  Trying to access array offset on value of type bool in C:\xampp\htdocs\tokoonwebid\app\views\partials\pesanan\customedit.php on line 143
[06-Jan-2025 15:33:36 Europe/Berlin] PHP Notice:  Trying to access array offset on value of type bool in C:\xampp\htdocs\tokoonwebid\app\views\partials\pesanan\customedit.php on line 155
[06-Jan-2025 15:33:36 Europe/Berlin] PHP Notice:  Trying to access array offset on value of type bool in C:\xampp\htdocs\tokoonwebid\app\views\partials\pesanan\customedit.php on line 167
[06-Jan-2025 15:33:37 Europe/Berlin] PHP Notice:  Trying to access array offset on value of type bool in C:\xampp\htdocs\tokoonwebid\app\views\partials\pesanan\customedit.php on line 26
[06-Jan-2025 15:33:37 Europe/Berlin] PHP Notice:  Trying to access array offset on value of type bool in C:\xampp\htdocs\tokoonwebid\app\views\partials\pesanan\customedit.php on line 27
[06-Jan-2025 15:33:37 Europe/Berlin] PHP Notice:  Trying to access array offset on value of type bool in C:\xampp\htdocs\tokoonwebid\app\views\partials\pesanan\customedit.php on line 35
[06-Jan-2025 15:33:37 Europe/Berlin] PHP Notice:  Trying to access array offset on value of type bool in C:\xampp\htdocs\tokoonwebid\app\views\partials\pesanan\customedit.php on line 47
[06-Jan-2025 15:33:37 Europe/Berlin] PHP Notice:  Trying to access array offset on value of type bool in C:\xampp\htdocs\tokoonwebid\app\views\partials\pesanan\customedit.php on line 59
[06-Jan-2025 15:33:37 Europe/Berlin] PHP Notice:  Trying to access array offset on value of type bool in C:\xampp\htdocs\tokoonwebid\app\views\partials\pesanan\customedit.php on line 74
[06-Jan-2025 15:33:37 Europe/Berlin] PHP Notice:  Trying to access array offset on value of type bool in C:\xampp\htdocs\tokoonwebid\app\views\partials\pesanan\customedit.php on line 101
[06-Jan-2025 15:33:37 Europe/Berlin] PHP Notice:  Trying to access array offset on value of type bool in C:\xampp\htdocs\tokoonwebid\app\views\partials\pesanan\customedit.php on line 117
[06-Jan-2025 15:33:37 Europe/Berlin] PHP Notice:  Trying to access array offset on value of type bool in C:\xampp\htdocs\tokoonwebid\app\views\partials\pesanan\customedit.php on line 143
[06-Jan-2025 15:33:37 Europe/Berlin] PHP Notice:  Trying to access array offset on value of type bool in C:\xampp\htdocs\tokoonwebid\app\views\partials\pesanan\customedit.php on line 155
[06-Jan-2025 15:33:37 Europe/Berlin] PHP Notice:  Trying to access array offset on value of type bool in C:\xampp\htdocs\tokoonwebid\app\views\partials\pesanan\customedit.php on line 167
[06-Jan-2025 16:19:03 Europe/Berlin] PHP Notice:  Trying to access array offset on value of type bool in C:\xampp\htdocs\tokoonwebid\app\views\partials\pesanansc\edit.php on line 33
[06-Jan-2025 16:19:03 Europe/Berlin] PHP Notice:  Trying to access array offset on value of type bool in C:\xampp\htdocs\tokoonwebid\app\views\partials\pesanansc\edit.php on line 45
[06-Jan-2025 16:19:03 Europe/Berlin] PHP Notice:  Trying to access array offset on value of type bool in C:\xampp\htdocs\tokoonwebid\app\views\partials\pesanansc\edit.php on line 57
[06-Jan-2025 16:19:03 Europe/Berlin] PHP Notice:  Trying to access array offset on value of type bool in C:\xampp\htdocs\tokoonwebid\app\views\partials\pesanansc\edit.php on line 69
[06-Jan-2025 16:19:03 Europe/Berlin] PHP Notice:  Trying to access array offset on value of type bool in C:\xampp\htdocs\tokoonwebid\app\views\partials\pesanansc\edit.php on line 81
[06-Jan-2025 16:19:03 Europe/Berlin] PHP Notice:  Trying to access array offset on value of type bool in C:\xampp\htdocs\tokoonwebid\app\views\partials\pesanansc\edit.php on line 93
[06-Jan-2025 16:19:03 Europe/Berlin] PHP Notice:  Trying to access array offset on value of type bool in C:\xampp\htdocs\tokoonwebid\app\views\partials\pesanansc\edit.php on line 105
[06-Jan-2025 16:19:03 Europe/Berlin] PHP Notice:  Trying to access array offset on value of type bool in C:\xampp\htdocs\tokoonwebid\app\views\partials\pesanansc\edit.php on line 117
[06-Jan-2025 16:19:03 Europe/Berlin] PHP Notice:  Trying to access array offset on value of type bool in C:\xampp\htdocs\tokoonwebid\app\views\partials\pesanansc\edit.php on line 129
[06-Jan-2025 16:19:03 Europe/Berlin] PHP Notice:  Trying to access array offset on value of type bool in C:\xampp\htdocs\tokoonwebid\app\views\partials\pesanansc\edit.php on line 141
[06-Jan-2025 16:19:03 Europe/Berlin] PHP Notice:  Trying to access array offset on value of type bool in C:\xampp\htdocs\tokoonwebid\app\views\partials\pesanansc\edit.php on line 153
[06-Jan-2025 16:19:03 Europe/Berlin] PHP Notice:  Trying to access array offset on value of type bool in C:\xampp\htdocs\tokoonwebid\app\views\partials\pesanansc\edit.php on line 165
[06-Jan-2025 16:19:07 Europe/Berlin] PHP Notice:  Trying to access array offset on value of type bool in C:\xampp\htdocs\tokoonwebid\app\views\partials\pesanansc\edit.php on line 33
[06-Jan-2025 16:19:07 Europe/Berlin] PHP Notice:  Trying to access array offset on value of type bool in C:\xampp\htdocs\tokoonwebid\app\views\partials\pesanansc\edit.php on line 45
[06-Jan-2025 16:19:07 Europe/Berlin] PHP Notice:  Trying to access array offset on value of type bool in C:\xampp\htdocs\tokoonwebid\app\views\partials\pesanansc\edit.php on line 57
[06-Jan-2025 16:19:07 Europe/Berlin] PHP Notice:  Trying to access array offset on value of type bool in C:\xampp\htdocs\tokoonwebid\app\views\partials\pesanansc\edit.php on line 69
[06-Jan-2025 16:19:07 Europe/Berlin] PHP Notice:  Trying to access array offset on value of type bool in C:\xampp\htdocs\tokoonwebid\app\views\partials\pesanansc\edit.php on line 81
[06-Jan-2025 16:19:07 Europe/Berlin] PHP Notice:  Trying to access array offset on value of type bool in C:\xampp\htdocs\tokoonwebid\app\views\partials\pesanansc\edit.php on line 93
[06-Jan-2025 16:19:07 Europe/Berlin] PHP Notice:  Trying to access array offset on value of type bool in C:\xampp\htdocs\tokoonwebid\app\views\partials\pesanansc\edit.php on line 105
[06-Jan-2025 16:19:07 Europe/Berlin] PHP Notice:  Trying to access array offset on value of type bool in C:\xampp\htdocs\tokoonwebid\app\views\partials\pesanansc\edit.php on line 117
[06-Jan-2025 16:19:07 Europe/Berlin] PHP Notice:  Trying to access array offset on value of type bool in C:\xampp\htdocs\tokoonwebid\app\views\partials\pesanansc\edit.php on line 129
[06-Jan-2025 16:19:07 Europe/Berlin] PHP Notice:  Trying to access array offset on value of type bool in C:\xampp\htdocs\tokoonwebid\app\views\partials\pesanansc\edit.php on line 141
[06-Jan-2025 16:19:07 Europe/Berlin] PHP Notice:  Trying to access array offset on value of type bool in C:\xampp\htdocs\tokoonwebid\app\views\partials\pesanansc\edit.php on line 153
[06-Jan-2025 16:19:07 Europe/Berlin] PHP Notice:  Trying to access array offset on value of type bool in C:\xampp\htdocs\tokoonwebid\app\views\partials\pesanansc\edit.php on line 165
[06-Jan-2025 16:19:07 Europe/Berlin] PHP Notice:  Trying to access array offset on value of type bool in C:\xampp\htdocs\tokoonwebid\app\views\partials\pesanansc\edit.php on line 33
[06-Jan-2025 16:19:07 Europe/Berlin] PHP Notice:  Trying to access array offset on value of type bool in C:\xampp\htdocs\tokoonwebid\app\views\partials\pesanansc\edit.php on line 45
[06-Jan-2025 16:19:07 Europe/Berlin] PHP Notice:  Trying to access array offset on value of type bool in C:\xampp\htdocs\tokoonwebid\app\views\partials\pesanansc\edit.php on line 57
[06-Jan-2025 16:19:07 Europe/Berlin] PHP Notice:  Trying to access array offset on value of type bool in C:\xampp\htdocs\tokoonwebid\app\views\partials\pesanansc\edit.php on line 69
[06-Jan-2025 16:19:07 Europe/Berlin] PHP Notice:  Trying to access array offset on value of type bool in C:\xampp\htdocs\tokoonwebid\app\views\partials\pesanansc\edit.php on line 81
[06-Jan-2025 16:19:07 Europe/Berlin] PHP Notice:  Trying to access array offset on value of type bool in C:\xampp\htdocs\tokoonwebid\app\views\partials\pesanansc\edit.php on line 93
[06-Jan-2025 16:19:07 Europe/Berlin] PHP Notice:  Trying to access array offset on value of type bool in C:\xampp\htdocs\tokoonwebid\app\views\partials\pesanansc\edit.php on line 105
[06-Jan-2025 16:19:07 Europe/Berlin] PHP Notice:  Trying to access array offset on value of type bool in C:\xampp\htdocs\tokoonwebid\app\views\partials\pesanansc\edit.php on line 117
[06-Jan-2025 16:19:07 Europe/Berlin] PHP Notice:  Trying to access array offset on value of type bool in C:\xampp\htdocs\tokoonwebid\app\views\partials\pesanansc\edit.php on line 129
[06-Jan-2025 16:19:07 Europe/Berlin] PHP Notice:  Trying to access array offset on value of type bool in C:\xampp\htdocs\tokoonwebid\app\views\partials\pesanansc\edit.php on line 141
[06-Jan-2025 16:19:07 Europe/Berlin] PHP Notice:  Trying to access array offset on value of type bool in C:\xampp\htdocs\tokoonwebid\app\views\partials\pesanansc\edit.php on line 153
[06-Jan-2025 16:19:07 Europe/Berlin] PHP Notice:  Trying to access array offset on value of type bool in C:\xampp\htdocs\tokoonwebid\app\views\partials\pesanansc\edit.php on line 165
[06-Jan-2025 16:19:18 Europe/Berlin] PHP Notice:  Trying to access array offset on value of type bool in C:\xampp\htdocs\tokoonwebid\app\views\partials\pesanan\edit.php on line 26
[06-Jan-2025 16:19:18 Europe/Berlin] PHP Notice:  Trying to access array offset on value of type bool in C:\xampp\htdocs\tokoonwebid\app\views\partials\pesanan\edit.php on line 27
[06-Jan-2025 16:19:18 Europe/Berlin] PHP Notice:  Trying to access array offset on value of type bool in C:\xampp\htdocs\tokoonwebid\app\views\partials\pesanan\edit.php on line 35
[06-Jan-2025 16:19:18 Europe/Berlin] PHP Notice:  Trying to access array offset on value of type bool in C:\xampp\htdocs\tokoonwebid\app\views\partials\pesanan\edit.php on line 47
[06-Jan-2025 16:19:18 Europe/Berlin] PHP Notice:  Trying to access array offset on value of type bool in C:\xampp\htdocs\tokoonwebid\app\views\partials\pesanan\edit.php on line 59
[06-Jan-2025 16:19:18 Europe/Berlin] PHP Notice:  Trying to access array offset on value of type bool in C:\xampp\htdocs\tokoonwebid\app\views\partials\pesanan\edit.php on line 74
[06-Jan-2025 16:19:18 Europe/Berlin] PHP Notice:  Trying to access array offset on value of type bool in C:\xampp\htdocs\tokoonwebid\app\views\partials\pesanan\edit.php on line 101
[06-Jan-2025 16:19:18 Europe/Berlin] PHP Notice:  Trying to access array offset on value of type bool in C:\xampp\htdocs\tokoonwebid\app\views\partials\pesanan\edit.php on line 117
[06-Jan-2025 16:19:18 Europe/Berlin] PHP Notice:  Trying to access array offset on value of type bool in C:\xampp\htdocs\tokoonwebid\app\views\partials\pesanan\edit.php on line 143
[06-Jan-2025 16:19:18 Europe/Berlin] PHP Notice:  Trying to access array offset on value of type bool in C:\xampp\htdocs\tokoonwebid\app\views\partials\pesanan\edit.php on line 155
[06-Jan-2025 16:19:18 Europe/Berlin] PHP Notice:  Trying to access array offset on value of type bool in C:\xampp\htdocs\tokoonwebid\app\views\partials\pesanan\edit.php on line 167
[06-Jan-2025 16:19:18 Europe/Berlin] PHP Notice:  Trying to access array offset on value of type bool in C:\xampp\htdocs\tokoonwebid\app\views\partials\pesanan\edit.php on line 184
[06-Jan-2025 16:19:20 Europe/Berlin] PHP Notice:  Trying to access array offset on value of type bool in C:\xampp\htdocs\tokoonwebid\app\views\partials\pesanan\edit.php on line 26
[06-Jan-2025 16:19:20 Europe/Berlin] PHP Notice:  Trying to access array offset on value of type bool in C:\xampp\htdocs\tokoonwebid\app\views\partials\pesanan\edit.php on line 27
[06-Jan-2025 16:19:20 Europe/Berlin] PHP Notice:  Trying to access array offset on value of type bool in C:\xampp\htdocs\tokoonwebid\app\views\partials\pesanan\edit.php on line 35
[06-Jan-2025 16:19:20 Europe/Berlin] PHP Notice:  Trying to access array offset on value of type bool in C:\xampp\htdocs\tokoonwebid\app\views\partials\pesanan\edit.php on line 47
[06-Jan-2025 16:19:20 Europe/Berlin] PHP Notice:  Trying to access array offset on value of type bool in C:\xampp\htdocs\tokoonwebid\app\views\partials\pesanan\edit.php on line 59
[06-Jan-2025 16:19:20 Europe/Berlin] PHP Notice:  Trying to access array offset on value of type bool in C:\xampp\htdocs\tokoonwebid\app\views\partials\pesanan\edit.php on line 74
[06-Jan-2025 16:19:20 Europe/Berlin] PHP Notice:  Trying to access array offset on value of type bool in C:\xampp\htdocs\tokoonwebid\app\views\partials\pesanan\edit.php on line 101
[06-Jan-2025 16:19:20 Europe/Berlin] PHP Notice:  Trying to access array offset on value of type bool in C:\xampp\htdocs\tokoonwebid\app\views\partials\pesanan\edit.php on line 117
[06-Jan-2025 16:19:20 Europe/Berlin] PHP Notice:  Trying to access array offset on value of type bool in C:\xampp\htdocs\tokoonwebid\app\views\partials\pesanan\edit.php on line 143
[06-Jan-2025 16:19:20 Europe/Berlin] PHP Notice:  Trying to access array offset on value of type bool in C:\xampp\htdocs\tokoonwebid\app\views\partials\pesanan\edit.php on line 155
[06-Jan-2025 16:19:20 Europe/Berlin] PHP Notice:  Trying to access array offset on value of type bool in C:\xampp\htdocs\tokoonwebid\app\views\partials\pesanan\edit.php on line 167
[06-Jan-2025 16:19:20 Europe/Berlin] PHP Notice:  Trying to access array offset on value of type bool in C:\xampp\htdocs\tokoonwebid\app\views\partials\pesanan\edit.php on line 184
[06-Jan-2025 16:19:20 Europe/Berlin] PHP Notice:  Trying to access array offset on value of type bool in C:\xampp\htdocs\tokoonwebid\app\views\partials\pesanan\edit.php on line 26
[06-Jan-2025 16:19:20 Europe/Berlin] PHP Notice:  Trying to access array offset on value of type bool in C:\xampp\htdocs\tokoonwebid\app\views\partials\pesanan\edit.php on line 27
[06-Jan-2025 16:19:20 Europe/Berlin] PHP Notice:  Trying to access array offset on value of type bool in C:\xampp\htdocs\tokoonwebid\app\views\partials\pesanan\edit.php on line 35
[06-Jan-2025 16:19:20 Europe/Berlin] PHP Notice:  Trying to access array offset on value of type bool in C:\xampp\htdocs\tokoonwebid\app\views\partials\pesanan\edit.php on line 47
[06-Jan-2025 16:19:20 Europe/Berlin] PHP Notice:  Trying to access array offset on value of type bool in C:\xampp\htdocs\tokoonwebid\app\views\partials\pesanan\edit.php on line 59
[06-Jan-2025 16:19:20 Europe/Berlin] PHP Notice:  Trying to access array offset on value of type bool in C:\xampp\htdocs\tokoonwebid\app\views\partials\pesanan\edit.php on line 74
[06-Jan-2025 16:19:20 Europe/Berlin] PHP Notice:  Trying to access array offset on value of type bool in C:\xampp\htdocs\tokoonwebid\app\views\partials\pesanan\edit.php on line 101
[06-Jan-2025 16:19:20 Europe/Berlin] PHP Notice:  Trying to access array offset on value of type bool in C:\xampp\htdocs\tokoonwebid\app\views\partials\pesanan\edit.php on line 117
[06-Jan-2025 16:19:20 Europe/Berlin] PHP Notice:  Trying to access array offset on value of type bool in C:\xampp\htdocs\tokoonwebid\app\views\partials\pesanan\edit.php on line 143
[06-Jan-2025 16:19:20 Europe/Berlin] PHP Notice:  Trying to access array offset on value of type bool in C:\xampp\htdocs\tokoonwebid\app\views\partials\pesanan\edit.php on line 155
[06-Jan-2025 16:19:20 Europe/Berlin] PHP Notice:  Trying to access array offset on value of type bool in C:\xampp\htdocs\tokoonwebid\app\views\partials\pesanan\edit.php on line 167
[06-Jan-2025 16:19:20 Europe/Berlin] PHP Notice:  Trying to access array offset on value of type bool in C:\xampp\htdocs\tokoonwebid\app\views\partials\pesanan\edit.php on line 184
[06-Jan-2025 16:19:20 Europe/Berlin] PHP Notice:  Trying to access array offset on value of type bool in C:\xampp\htdocs\tokoonwebid\app\views\partials\pesanan\edit.php on line 26
[06-Jan-2025 16:19:20 Europe/Berlin] PHP Notice:  Trying to access array offset on value of type bool in C:\xampp\htdocs\tokoonwebid\app\views\partials\pesanan\edit.php on line 27
[06-Jan-2025 16:19:20 Europe/Berlin] PHP Notice:  Trying to access array offset on value of type bool in C:\xampp\htdocs\tokoonwebid\app\views\partials\pesanan\edit.php on line 35
[06-Jan-2025 16:19:20 Europe/Berlin] PHP Notice:  Trying to access array offset on value of type bool in C:\xampp\htdocs\tokoonwebid\app\views\partials\pesanan\edit.php on line 47
[06-Jan-2025 16:19:20 Europe/Berlin] PHP Notice:  Trying to access array offset on value of type bool in C:\xampp\htdocs\tokoonwebid\app\views\partials\pesanan\edit.php on line 59
[06-Jan-2025 16:19:20 Europe/Berlin] PHP Notice:  Trying to access array offset on value of type bool in C:\xampp\htdocs\tokoonwebid\app\views\partials\pesanan\edit.php on line 74
[06-Jan-2025 16:19:20 Europe/Berlin] PHP Notice:  Trying to access array offset on value of type bool in C:\xampp\htdocs\tokoonwebid\app\views\partials\pesanan\edit.php on line 101
[06-Jan-2025 16:19:20 Europe/Berlin] PHP Notice:  Trying to access array offset on value of type bool in C:\xampp\htdocs\tokoonwebid\app\views\partials\pesanan\edit.php on line 117
[06-Jan-2025 16:19:20 Europe/Berlin] PHP Notice:  Trying to access array offset on value of type bool in C:\xampp\htdocs\tokoonwebid\app\views\partials\pesanan\edit.php on line 143
[06-Jan-2025 16:19:20 Europe/Berlin] PHP Notice:  Trying to access array offset on value of type bool in C:\xampp\htdocs\tokoonwebid\app\views\partials\pesanan\edit.php on line 155
[06-Jan-2025 16:19:20 Europe/Berlin] PHP Notice:  Trying to access array offset on value of type bool in C:\xampp\htdocs\tokoonwebid\app\views\partials\pesanan\edit.php on line 167
[06-Jan-2025 16:19:20 Europe/Berlin] PHP Notice:  Trying to access array offset on value of type bool in C:\xampp\htdocs\tokoonwebid\app\views\partials\pesanan\edit.php on line 184
[06-Jan-2025 16:19:22 Europe/Berlin] PHP Notice:  Trying to access array offset on value of type bool in C:\xampp\htdocs\tokoonwebid\app\views\partials\pesanan\edit.php on line 26
[06-Jan-2025 16:19:22 Europe/Berlin] PHP Notice:  Trying to access array offset on value of type bool in C:\xampp\htdocs\tokoonwebid\app\views\partials\pesanan\edit.php on line 27
[06-Jan-2025 16:19:22 Europe/Berlin] PHP Notice:  Trying to access array offset on value of type bool in C:\xampp\htdocs\tokoonwebid\app\views\partials\pesanan\edit.php on line 35
[06-Jan-2025 16:19:22 Europe/Berlin] PHP Notice:  Trying to access array offset on value of type bool in C:\xampp\htdocs\tokoonwebid\app\views\partials\pesanan\edit.php on line 47
[06-Jan-2025 16:19:22 Europe/Berlin] PHP Notice:  Trying to access array offset on value of type bool in C:\xampp\htdocs\tokoonwebid\app\views\partials\pesanan\edit.php on line 59
[06-Jan-2025 16:19:22 Europe/Berlin] PHP Notice:  Trying to access array offset on value of type bool in C:\xampp\htdocs\tokoonwebid\app\views\partials\pesanan\edit.php on line 74
[06-Jan-2025 16:19:22 Europe/Berlin] PHP Notice:  Trying to access array offset on value of type bool in C:\xampp\htdocs\tokoonwebid\app\views\partials\pesanan\edit.php on line 101
[06-Jan-2025 16:19:22 Europe/Berlin] PHP Notice:  Trying to access array offset on value of type bool in C:\xampp\htdocs\tokoonwebid\app\views\partials\pesanan\edit.php on line 117
[06-Jan-2025 16:19:22 Europe/Berlin] PHP Notice:  Trying to access array offset on value of type bool in C:\xampp\htdocs\tokoonwebid\app\views\partials\pesanan\edit.php on line 143
[06-Jan-2025 16:19:22 Europe/Berlin] PHP Notice:  Trying to access array offset on value of type bool in C:\xampp\htdocs\tokoonwebid\app\views\partials\pesanan\edit.php on line 155
[06-Jan-2025 16:19:22 Europe/Berlin] PHP Notice:  Trying to access array offset on value of type bool in C:\xampp\htdocs\tokoonwebid\app\views\partials\pesanan\edit.php on line 167
[06-Jan-2025 16:19:22 Europe/Berlin] PHP Notice:  Trying to access array offset on value of type bool in C:\xampp\htdocs\tokoonwebid\app\views\partials\pesanan\edit.php on line 184
[06-Jan-2025 18:30:30 Europe/Berlin] PHP Notice:  Undefined index: status_pembayaransc in C:\xampp\htdocs\tokoonwebid\app\views\partials\pesanansc\list.php on line 78
[06-Jan-2025 18:30:30 Europe/Berlin] PHP Notice:  Undefined index: status_pembayaransc in C:\xampp\htdocs\tokoonwebid\app\views\partials\pesanansc\list.php on line 80
[06-Jan-2025 18:31:15 Europe/Berlin] PHP Notice:  Undefined index: status_pembayaransc in C:\xampp\htdocs\tokoonwebid\app\views\partials\pesanansc\list.php on line 78
[06-Jan-2025 18:31:15 Europe/Berlin] PHP Notice:  Undefined index: status_pembayaransc in C:\xampp\htdocs\tokoonwebid\app\views\partials\pesanansc\list.php on line 80
[06-Jan-2025 18:31:33 Europe/Berlin] PHP Notice:  Undefined index: status_pembayaransc in C:\xampp\htdocs\tokoonwebid\app\views\partials\pesanansc\list.php on line 78
[06-Jan-2025 18:31:33 Europe/Berlin] PHP Notice:  Undefined index: status_pembayaransc in C:\xampp\htdocs\tokoonwebid\app\views\partials\pesanansc\list.php on line 80
[06-Jan-2025 18:41:02 Europe/Berlin] PHP Notice:  Undefined index: status_pembayaransc in C:\xampp\htdocs\tokoonwebid\app\views\partials\pesanansc\list.php on line 78
[06-Jan-2025 18:41:02 Europe/Berlin] PHP Notice:  Undefined index: status_pembayaransc in C:\xampp\htdocs\tokoonwebid\app\views\partials\pesanansc\list.php on line 80
[06-Jan-2025 18:50:27 Europe/Berlin] PHP Notice:  Undefined index: status_pembayaransc in C:\xampp\htdocs\tokoonwebid\app\views\partials\pesanansc\list.php on line 78
[06-Jan-2025 18:50:27 Europe/Berlin] PHP Notice:  Undefined index: status_pembayaransc in C:\xampp\htdocs\tokoonwebid\app\views\partials\pesanansc\list.php on line 80
[06-Jan-2025 19:15:14 Europe/Berlin] PHP Notice:  Undefined index: status_pembayaransc in C:\xampp\htdocs\tokoonwebid\app\views\partials\pesanansc\list.php on line 78
[06-Jan-2025 19:15:14 Europe/Berlin] PHP Notice:  Undefined index: status_pembayaransc in C:\xampp\htdocs\tokoonwebid\app\views\partials\pesanansc\list.php on line 80
[06-Jan-2025 19:15:28 Europe/Berlin] PHP Notice:  Undefined index: status_pembayaransc in C:\xampp\htdocs\tokoonwebid\app\views\partials\pesanansc\list.php on line 78
[06-Jan-2025 19:15:28 Europe/Berlin] PHP Notice:  Undefined index: status_pembayaransc in C:\xampp\htdocs\tokoonwebid\app\views\partials\pesanansc\list.php on line 80
[06-Jan-2025 19:15:35 Europe/Berlin] PHP Notice:  Undefined index: status_pembayaransc in C:\xampp\htdocs\tokoonwebid\app\views\partials\pesanansc\list.php on line 78
[06-Jan-2025 19:15:35 Europe/Berlin] PHP Notice:  Undefined index: status_pembayaransc in C:\xampp\htdocs\tokoonwebid\app\views\partials\pesanansc\list.php on line 80
[06-Jan-2025 19:22:50 Europe/Berlin] PHP Notice:  Undefined index: status_pembayaransc in C:\xampp\htdocs\tokoonwebid\app\views\partials\pesanansc\list.php on line 78
[06-Jan-2025 19:22:50 Europe/Berlin] PHP Notice:  Undefined index: status_pembayaransc in C:\xampp\htdocs\tokoonwebid\app\views\partials\pesanansc\list.php on line 80
[06-Jan-2025 19:23:15 Europe/Berlin] PHP Notice:  Undefined index: status_pembayaransc in C:\xampp\htdocs\tokoonwebid\app\views\partials\pesanansc\list.php on line 78
[06-Jan-2025 19:23:15 Europe/Berlin] PHP Notice:  Undefined index: status_pembayaransc in C:\xampp\htdocs\tokoonwebid\app\views\partials\pesanansc\list.php on line 80
[06-Jan-2025 19:29:30 Europe/Berlin] PHP Notice:  Undefined index: status_pembayaransc in C:\xampp\htdocs\tokoonwebid\app\views\partials\pesanansc\list.php on line 78
[06-Jan-2025 19:29:30 Europe/Berlin] PHP Notice:  Undefined index: status_pembayaransc in C:\xampp\htdocs\tokoonwebid\app\views\partials\pesanansc\list.php on line 80
[06-Jan-2025 21:01:35 Europe/Berlin] PHP Notice:  Undefined index: status_pembayaransc in C:\xampp\htdocs\tokoonwebid\app\views\partials\pesanansc\list.php on line 78
[06-Jan-2025 21:01:35 Europe/Berlin] PHP Notice:  Undefined index: status_pembayaransc in C:\xampp\htdocs\tokoonwebid\app\views\partials\pesanansc\list.php on line 80
[07-Jan-2025 09:00:59 UTC] PHP Notice:  Undefined index: status_pembayaransc in /home/u245843441/domains/cscu.me/public_html/coba/app/views/partials/pesanansc/list.php on line 78
[07-Jan-2025 09:00:59 UTC] PHP Notice:  Undefined index: status_pembayaransc in /home/u245843441/domains/cscu.me/public_html/coba/app/views/partials/pesanansc/list.php on line 80
[07-Jan-2025 09:00:59 UTC] PHP Notice:  Undefined index: status_pembayaransc in /home/u245843441/domains/cscu.me/public_html/coba/app/views/partials/pesanansc/list.php on line 78
[07-Jan-2025 09:00:59 UTC] PHP Notice:  Undefined index: status_pembayaransc in /home/u245843441/domains/cscu.me/public_html/coba/app/views/partials/pesanansc/list.php on line 80
[07-Jan-2025 09:00:59 UTC] PHP Notice:  Undefined index: status_pembayaransc in /home/u245843441/domains/cscu.me/public_html/coba/app/views/partials/pesanansc/list.php on line 78
[07-Jan-2025 09:00:59 UTC] PHP Notice:  Undefined index: status_pembayaransc in /home/u245843441/domains/cscu.me/public_html/coba/app/views/partials/pesanansc/list.php on line 80
[07-Jan-2025 09:16:44 UTC] PHP Notice:  Undefined index: status_pembayaransc in /home/u245843441/domains/cscu.me/public_html/coba/app/views/partials/pesanansc/list.php on line 78
[07-Jan-2025 09:16:44 UTC] PHP Notice:  Undefined index: status_pembayaransc in /home/u245843441/domains/cscu.me/public_html/coba/app/views/partials/pesanansc/list.php on line 80
[07-Jan-2025 09:16:44 UTC] PHP Notice:  Undefined index: status_pembayaransc in /home/u245843441/domains/cscu.me/public_html/coba/app/views/partials/pesanansc/list.php on line 78
[07-Jan-2025 09:16:44 UTC] PHP Notice:  Undefined index: status_pembayaransc in /home/u245843441/domains/cscu.me/public_html/coba/app/views/partials/pesanansc/list.php on line 80
[07-Jan-2025 09:16:44 UTC] PHP Notice:  Undefined index: status_pembayaransc in /home/u245843441/domains/cscu.me/public_html/coba/app/views/partials/pesanansc/list.php on line 78
[07-Jan-2025 09:16:44 UTC] PHP Notice:  Undefined index: status_pembayaransc in /home/u245843441/domains/cscu.me/public_html/coba/app/views/partials/pesanansc/list.php on line 80
[07-Jan-2025 10:10:30 UTC] PHP Notice:  Undefined index: status_pembayaransc in /home/u245843441/domains/cscu.me/public_html/coba/app/views/partials/pesanansc/list.php on line 78
[07-Jan-2025 10:10:30 UTC] PHP Notice:  Undefined index: status_pembayaransc in /home/u245843441/domains/cscu.me/public_html/coba/app/views/partials/pesanansc/list.php on line 80
[07-Jan-2025 10:10:30 UTC] PHP Notice:  Undefined index: status_pembayaransc in /home/u245843441/domains/cscu.me/public_html/coba/app/views/partials/pesanansc/list.php on line 78
[07-Jan-2025 10:10:30 UTC] PHP Notice:  Undefined index: status_pembayaransc in /home/u245843441/domains/cscu.me/public_html/coba/app/views/partials/pesanansc/list.php on line 80
[07-Jan-2025 10:10:30 UTC] PHP Notice:  Undefined index: status_pembayaransc in /home/u245843441/domains/cscu.me/public_html/coba/app/views/partials/pesanansc/list.php on line 78
[07-Jan-2025 10:10:30 UTC] PHP Notice:  Undefined index: status_pembayaransc in /home/u245843441/domains/cscu.me/public_html/coba/app/views/partials/pesanansc/list.php on line 80
[07-Jan-2025 10:14:29 UTC] PHP Notice:  Undefined index: status_pembayaransc in /home/u245843441/domains/cscu.me/public_html/coba/app/views/partials/pesanansc/list.php on line 78
[07-Jan-2025 10:14:29 UTC] PHP Notice:  Undefined index: status_pembayaransc in /home/u245843441/domains/cscu.me/public_html/coba/app/views/partials/pesanansc/list.php on line 80
[07-Jan-2025 10:14:29 UTC] PHP Notice:  Undefined index: status_pembayaransc in /home/u245843441/domains/cscu.me/public_html/coba/app/views/partials/pesanansc/list.php on line 78
[07-Jan-2025 10:14:29 UTC] PHP Notice:  Undefined index: status_pembayaransc in /home/u245843441/domains/cscu.me/public_html/coba/app/views/partials/pesanansc/list.php on line 80
[07-Jan-2025 10:14:29 UTC] PHP Notice:  Undefined index: status_pembayaransc in /home/u245843441/domains/cscu.me/public_html/coba/app/views/partials/pesanansc/list.php on line 78
[07-Jan-2025 10:14:29 UTC] PHP Notice:  Undefined index: status_pembayaransc in /home/u245843441/domains/cscu.me/public_html/coba/app/views/partials/pesanansc/list.php on line 80
[07-Jan-2025 10:14:35 UTC] PHP Notice:  Undefined index: status_pembayaransc in /home/u245843441/domains/cscu.me/public_html/coba/app/views/partials/pesanansc/list.php on line 78
[07-Jan-2025 10:14:35 UTC] PHP Notice:  Undefined index: status_pembayaransc in /home/u245843441/domains/cscu.me/public_html/coba/app/views/partials/pesanansc/list.php on line 80
[07-Jan-2025 10:14:35 UTC] PHP Notice:  Undefined index: status_pembayaransc in /home/u245843441/domains/cscu.me/public_html/coba/app/views/partials/pesanansc/list.php on line 78
[07-Jan-2025 10:14:35 UTC] PHP Notice:  Undefined index: status_pembayaransc in /home/u245843441/domains/cscu.me/public_html/coba/app/views/partials/pesanansc/list.php on line 80
[07-Jan-2025 10:14:35 UTC] PHP Notice:  Undefined index: status_pembayaransc in /home/u245843441/domains/cscu.me/public_html/coba/app/views/partials/pesanansc/list.php on line 78
[07-Jan-2025 10:14:35 UTC] PHP Notice:  Undefined index: status_pembayaransc in /home/u245843441/domains/cscu.me/public_html/coba/app/views/partials/pesanansc/list.php on line 80
[07-Jan-2025 11:14:38 UTC] PHP Notice:  Undefined index: status_pembayaransc in /home/u245843441/domains/cscu.me/public_html/coba/app/views/partials/pesanansc/list.php on line 78
[07-Jan-2025 11:14:38 UTC] PHP Notice:  Undefined index: status_pembayaransc in /home/u245843441/domains/cscu.me/public_html/coba/app/views/partials/pesanansc/list.php on line 80
[07-Jan-2025 11:14:38 UTC] PHP Notice:  Undefined index: status_pembayaransc in /home/u245843441/domains/cscu.me/public_html/coba/app/views/partials/pesanansc/list.php on line 78
[07-Jan-2025 11:14:38 UTC] PHP Notice:  Undefined index: status_pembayaransc in /home/u245843441/domains/cscu.me/public_html/coba/app/views/partials/pesanansc/list.php on line 80
[07-Jan-2025 11:14:38 UTC] PHP Notice:  Undefined index: status_pembayaransc in /home/u245843441/domains/cscu.me/public_html/coba/app/views/partials/pesanansc/list.php on line 78
[07-Jan-2025 11:14:38 UTC] PHP Notice:  Undefined index: status_pembayaransc in /home/u245843441/domains/cscu.me/public_html/coba/app/views/partials/pesanansc/list.php on line 80
[07-Jan-2025 11:14:46 UTC] PHP Notice:  Undefined index: status_pembayaransc in /home/u245843441/domains/cscu.me/public_html/coba/app/views/partials/pesanansc/list.php on line 78
[07-Jan-2025 11:14:46 UTC] PHP Notice:  Undefined index: status_pembayaransc in /home/u245843441/domains/cscu.me/public_html/coba/app/views/partials/pesanansc/list.php on line 80
[07-Jan-2025 11:14:46 UTC] PHP Notice:  Undefined index: status_pembayaransc in /home/u245843441/domains/cscu.me/public_html/coba/app/views/partials/pesanansc/list.php on line 78
[07-Jan-2025 11:14:46 UTC] PHP Notice:  Undefined index: status_pembayaransc in /home/u245843441/domains/cscu.me/public_html/coba/app/views/partials/pesanansc/list.php on line 80
[07-Jan-2025 11:14:46 UTC] PHP Notice:  Undefined index: status_pembayaransc in /home/u245843441/domains/cscu.me/public_html/coba/app/views/partials/pesanansc/list.php on line 78
[07-Jan-2025 11:14:46 UTC] PHP Notice:  Undefined index: status_pembayaransc in /home/u245843441/domains/cscu.me/public_html/coba/app/views/partials/pesanansc/list.php on line 80
[07-Jan-2025 11:16:08 UTC] PHP Notice:  Undefined index: status_pembayaransc in /home/u245843441/domains/cscu.me/public_html/coba/app/views/partials/pesanansc/list.php on line 78
[07-Jan-2025 11:16:08 UTC] PHP Notice:  Undefined index: status_pembayaransc in /home/u245843441/domains/cscu.me/public_html/coba/app/views/partials/pesanansc/list.php on line 80
[07-Jan-2025 11:16:08 UTC] PHP Notice:  Undefined index: status_pembayaransc in /home/u245843441/domains/cscu.me/public_html/coba/app/views/partials/pesanansc/list.php on line 78
[07-Jan-2025 11:16:08 UTC] PHP Notice:  Undefined index: status_pembayaransc in /home/u245843441/domains/cscu.me/public_html/coba/app/views/partials/pesanansc/list.php on line 80
[07-Jan-2025 11:16:08 UTC] PHP Notice:  Undefined index: status_pembayaransc in /home/u245843441/domains/cscu.me/public_html/coba/app/views/partials/pesanansc/list.php on line 78
[07-Jan-2025 11:16:08 UTC] PHP Notice:  Undefined index: status_pembayaransc in /home/u245843441/domains/cscu.me/public_html/coba/app/views/partials/pesanansc/list.php on line 80
[07-Jan-2025 11:16:22 UTC] PHP Notice:  Undefined index: status_pembayaransc in /home/u245843441/domains/cscu.me/public_html/coba/app/views/partials/pesanansc/list.php on line 78
[07-Jan-2025 11:16:22 UTC] PHP Notice:  Undefined index: status_pembayaransc in /home/u245843441/domains/cscu.me/public_html/coba/app/views/partials/pesanansc/list.php on line 80
[07-Jan-2025 11:16:22 UTC] PHP Notice:  Undefined index: status_pembayaransc in /home/u245843441/domains/cscu.me/public_html/coba/app/views/partials/pesanansc/list.php on line 78
[07-Jan-2025 11:16:22 UTC] PHP Notice:  Undefined index: status_pembayaransc in /home/u245843441/domains/cscu.me/public_html/coba/app/views/partials/pesanansc/list.php on line 80
[07-Jan-2025 11:16:22 UTC] PHP Notice:  Undefined index: status_pembayaransc in /home/u245843441/domains/cscu.me/public_html/coba/app/views/partials/pesanansc/list.php on line 78
[07-Jan-2025 11:16:22 UTC] PHP Notice:  Undefined index: status_pembayaransc in /home/u245843441/domains/cscu.me/public_html/coba/app/views/partials/pesanansc/list.php on line 80
[07-Jan-2025 13:21:56 UTC] PHP Notice:  Undefined index: status_pembayaransc in /home/u245843441/domains/cscu.me/public_html/coba/app/views/partials/pesanansc/list.php on line 78
[07-Jan-2025 13:21:56 UTC] PHP Notice:  Undefined index: status_pembayaransc in /home/u245843441/domains/cscu.me/public_html/coba/app/views/partials/pesanansc/list.php on line 80
[07-Jan-2025 13:21:56 UTC] PHP Notice:  Undefined index: status_pembayaransc in /home/u245843441/domains/cscu.me/public_html/coba/app/views/partials/pesanansc/list.php on line 78
[07-Jan-2025 13:21:56 UTC] PHP Notice:  Undefined index: status_pembayaransc in /home/u245843441/domains/cscu.me/public_html/coba/app/views/partials/pesanansc/list.php on line 80
[07-Jan-2025 13:21:56 UTC] PHP Notice:  Undefined index: status_pembayaransc in /home/u245843441/domains/cscu.me/public_html/coba/app/views/partials/pesanansc/list.php on line 78
[07-Jan-2025 13:21:56 UTC] PHP Notice:  Undefined index: status_pembayaransc in /home/u245843441/domains/cscu.me/public_html/coba/app/views/partials/pesanansc/list.php on line 80
[07-Jan-2025 13:22:00 UTC] PHP Notice:  Undefined index: status_pembayaransc in /home/u245843441/domains/cscu.me/public_html/coba/app/views/partials/pesanansc/list.php on line 78
[07-Jan-2025 13:22:00 UTC] PHP Notice:  Undefined index: status_pembayaransc in /home/u245843441/domains/cscu.me/public_html/coba/app/views/partials/pesanansc/list.php on line 80
[07-Jan-2025 13:22:00 UTC] PHP Notice:  Undefined index: status_pembayaransc in /home/u245843441/domains/cscu.me/public_html/coba/app/views/partials/pesanansc/list.php on line 78
[07-Jan-2025 13:22:00 UTC] PHP Notice:  Undefined index: status_pembayaransc in /home/u245843441/domains/cscu.me/public_html/coba/app/views/partials/pesanansc/list.php on line 80
[07-Jan-2025 13:22:02 UTC] PHP Notice:  Undefined index: status_pembayaransc in /home/u245843441/domains/cscu.me/public_html/coba/app/views/partials/pesanansc/list.php on line 78
[07-Jan-2025 13:22:02 UTC] PHP Notice:  Undefined index: status_pembayaransc in /home/u245843441/domains/cscu.me/public_html/coba/app/views/partials/pesanansc/list.php on line 80
